{"sessionId":"74d17f","hypothesisId":"H5","location":"DebugInspectorCollectionMenuHook.onMenuDetect","message":"menuDetect row","data":{"detail":"item=null x=630 y=433"},"timestamp":1781513864433}
{"sessionId":"74d17f","hypothesisId":"H1","location":"DebugInspectorCollectionMenuHook.resolveSelectedElement","message":"sources","data":{"detail":"tree=WatchExpression viewer=null"},"timestamp":1781513864438}
{"sessionId":"74d17f","hypothesisId":"H3","location":"DebugInspectorCollectionMenuHook.menuShown","message":"resolve","data":{"detail":"WatchExpression value=BslContextValue evaluated=true pending=false indexed=false canOpen=false"},"timestamp":1781513864441}
{"sessionId":"74d17f","hypothesisId":"H5","location":"DebugInspectorCollectionMenuHook.onMenuDetect","message":"menuDetect row","data":{"detail":"item=null x=585 y=919"},"timestamp":1781514212763}
{"sessionId":"74d17f","hypothesisId":"H1","location":"DebugInspectorCollectionMenuHook.resolveSelectedElement","message":"sources","data":{"detail":"tree=WatchExpression viewer=null"},"timestamp":1781514212776}
{"sessionId":"74d17f","hypothesisId":"H3","location":"DebugInspectorCollectionMenuHook.menuShown","message":"resolve","data":{"detail":"WatchExpression value=BslEnumValue evaluated=true pending=false indexed=true canOpen=true"},"timestamp":1781514212779}
{"sessionId":"74d17f","hypothesisId":"H5","location":"DebugInspectorCollectionMenuHook.onMenuDetect","message":"menuDetect row","data":{"detail":"item=null x=677 y=957"},"timestamp":1781514260929}
{"sessionId":"74d17f","hypothesisId":"H1","location":"DebugInspectorCollectionMenuHook.resolveSelectedElement","message":"sources","data":{"detail":"tree=WatchExpression viewer=null"},"timestamp":1781514260935}
{"sessionId":"74d17f","hypothesisId":"H3","location":"DebugInspectorCollectionMenuHook.menuShown","message":"resolve","data":{"detail":"WatchExpression value=BslEnumValue evaluated=true pending=false indexed=true canOpen=true"},"timestamp":1781514260936}
{"sessionId":"74d17f","hypothesisId":"H5","location":"DebugInspectorCollectionMenuHook.onMenuDetect","message":"menuDetect row","data":{"detail":"item=null x=630 y=901"},"timestamp":1781514457243}
{"sessionId":"74d17f","hypothesisId":"H1","location":"DebugInspectorCollectionMenuHook.resolveSelectedElement","message":"sources","data":{"detail":"tree=WatchExpression viewer=null"},"timestamp":1781514457248}
{"sessionId":"74d17f","hypothesisId":"H3","location":"DebugInspectorCollectionMenuHook.menuShown","message":"resolve","data":{"detail":"WatchExpression value=BslEnumValue evaluated=true pending=false indexed=true canOpen=true"},"timestamp":1781514457249}
{"sessionId":"74d17f","hypothesisId":"H5","location":"DebugInspectorCollectionMenuHook.onMenuDetect","message":"menuDetect row","data":{"detail":"item=null x=630 y=958"},"timestamp":1781514475807}
{"sessionId":"74d17f","hypothesisId":"H1","location":"DebugInspectorCollectionMenuHook.resolveSelectedElement","message":"sources","data":{"detail":"tree=WatchExpression viewer=null"},"timestamp":1781514475814}
{"sessionId":"74d17f","hypothesisId":"H3","location":"DebugInspectorCollectionMenuHook.menuShown","message":"resolve","data":{"detail":"WatchExpression value=BslEnumValue evaluated=true pending=false indexed=true canOpen=true"},"timestamp":1781514475814}
{"sessionId":"74d17f","hypothesisId":"H5","location":"DebugInspectorCollectionMenuHook.onMenuDetect","message":"menuDetect row","data":{"detail":"item=null x=651 y=964"},"timestamp":1781514476834}
{"sessionId":"74d17f","hypothesisId":"H1","location":"DebugInspectorCollectionMenuHook.resolveSelectedElement","message":"sources","data":{"detail":"tree=WatchExpression viewer=null"},"timestamp":1781514476839}
{"sessionId":"74d17f","hypothesisId":"H3","location":"DebugInspectorCollectionMenuHook.menuShown","message":"resolve","data":{"detail":"WatchExpression value=BslEnumValue evaluated=true pending=false indexed=true canOpen=true"},"timestamp":1781514476839}
{"sessionId":"74d17f","hypothesisId":"H5","location":"DebugInspectorCollectionMenuHook.onMenuDetect","message":"menuDetect row","data":{"detail":"item=null x=1665 y=732"},"timestamp":1781528371185}
{"sessionId":"74d17f","hypothesisId":"H1","location":"DebugInspectorCollectionMenuHook.resolveSelectedElement","message":"sources","data":{"detail":"tree=BslVariable viewer=BslVariable"},"timestamp":1781528371194}
{"sessionId":"74d17f","hypothesisId":"H3","location":"DebugInspectorCollectionMenuHook.menuShown","message":"resolve","data":{"detail":"BslVariable value=BslPrimitiveValue evaluated=true pending=false indexed=false canOpen=false"},"timestamp":1781528371196}
{"sessionId":"74d17f","hypothesisId":"H5","location":"DebugInspectorCollectionMenuHook.onMenuDetect","message":"menuDetect row","data":{"detail":"item=null x=1615 y=624"},"timestamp":1781528383721}
{"sessionId":"74d17f","hypothesisId":"H1","location":"DebugInspectorCollectionMenuHook.resolveSelectedElement","message":"sources","data":{"detail":"tree=BslVariable viewer=BslVariable"},"timestamp":1781528383727}
{"sessionId":"74d17f","hypothesisId":"H3","location":"DebugInspectorCollectionMenuHook.menuShown","message":"resolve","data":{"detail":"BslVariable value=BslPrimitiveValue evaluated=true pending=false indexed=false canOpen=false"},"timestamp":1781528383728}
{"sessionId":"74d17f","hypothesisId":"H5","location":"DebugInspectorCollectionMenuHook.onMenuDetect","message":"menuDetect row","data":{"detail":"item=null x=1332 y=629"},"timestamp":1781528461092}
{"sessionId":"74d17f","hypothesisId":"H1","location":"DebugInspectorCollectionMenuHook.resolveSelectedElement","message":"sources","data":{"detail":"tree=BslVariable viewer=BslVariable"},"timestamp":1781528461101}
{"sessionId":"74d17f","hypothesisId":"H3","location":"DebugInspectorCollectionMenuHook.menuShown","message":"resolve","data":{"detail":"BslVariable value=BslPrimitiveValue evaluated=true pending=false indexed=false canOpen=false"},"timestamp":1781528461101}
{"sessionId":"74d17f","hypothesisId":"H5","location":"DebugInspectorCollectionMenuHook.onMenuDetect","message":"menuDetect row","data":{"detail":"item=null x=1347 y=628"},"timestamp":1781528471838}
{"sessionId":"74d17f","hypothesisId":"H1","location":"DebugInspectorCollectionMenuHook.resolveSelectedElement","message":"sources","data":{"detail":"tree=BslVariable viewer=BslVariable"},"timestamp":1781528471844}
{"sessionId":"74d17f","hypothesisId":"H3","location":"DebugInspectorCollectionMenuHook.menuShown","message":"resolve","data":{"detail":"BslVariable value=BslPrimitiveValue evaluated=true pending=false indexed=false canOpen=false"},"timestamp":1781528471844}
{"sessionId":"74d17f","hypothesisId":"H5","location":"DebugInspectorCollectionMenuHook.onMenuDetect","message":"menuDetect row","data":{"detail":"item=null x=1312 y=627"},"timestamp":1781528478270}
{"sessionId":"74d17f","hypothesisId":"H1","location":"DebugInspectorCollectionMenuHook.resolveSelectedElement","message":"sources","data":{"detail":"tree=BslVariable viewer=BslVariable"},"timestamp":1781528478277}
{"sessionId":"74d17f","hypothesisId":"H3","location":"DebugInspectorCollectionMenuHook.menuShown","message":"resolve","data":{"detail":"BslVariable value=BslPrimitiveValue evaluated=true pending=false indexed=false canOpen=false"},"timestamp":1781528478277}
{"sessionId":"74d17f","hypothesisId":"H5","location":"DebugInspectorCollectionMenuHook.onMenuDetect","message":"menuDetect row","data":{"detail":"item=null x=647 y=891"},"timestamp":1781528838422}
{"sessionId":"74d17f","hypothesisId":"H1","location":"DebugInspectorCollectionMenuHook.resolveSelectedElement","message":"sources","data":{"detail":"tree=WatchExpression viewer=null"},"timestamp":1781528838431}
{"sessionId":"74d17f","hypothesisId":"H3","location":"DebugInspectorCollectionMenuHook.menuShown","message":"resolve","data":{"detail":"WatchExpression value=BslEnumValue evaluated=true pending=false indexed=true canOpen=true"},"timestamp":1781528838433}
{"sessionId":"74d17f","hypothesisId":"H5","location":"DebugInspectorCollectionMenuHook.onMenuDetect","message":"menuDetect row","data":{"detail":"item=null x=1161 y=692"},"timestamp":1781529810460}
{"sessionId":"74d17f","hypothesisId":"H1","location":"DebugInspectorCollectionMenuHook.resolveSelectedElement","message":"sources","data":{"detail":"tree=BslVariable viewer=BslVariable"},"timestamp":1781529810469}
{"sessionId":"74d17f","hypothesisId":"H3","location":"DebugInspectorCollectionMenuHook.menuShown","message":"resolve","data":{"detail":"BslVariable value=BslPrimitiveValue evaluated=true pending=false indexed=false canOpen=false"},"timestamp":1781529810473}
{"sessionId":"74d17f","hypothesisId":"H5","location":"DebugInspectorCollectionMenuHook.onMenuDetect","message":"menuDetect row","data":{"detail":"item=null x=1251 y=496"},"timestamp":1781530167446}
{"sessionId":"74d17f","hypothesisId":"H1","location":"DebugInspectorCollectionMenuHook.resolveSelectedElement","message":"sources","data":{"detail":"tree=BslVariable viewer=BslVariable"},"timestamp":1781530167453}
{"sessionId":"74d17f","hypothesisId":"H3","location":"DebugInspectorCollectionMenuHook.menuShown","message":"resolve","data":{"detail":"BslVariable value=BslPrimitiveValue evaluated=true pending=false indexed=false canOpen=false"},"timestamp":1781530167455}
{"sessionId":"74d17f","hypothesisId":"H5","location":"DebugInspectorCollectionMenuHook.onMenuDetect","message":"menuDetect row","data":{"detail":"item=null x=589 y=915"},"timestamp":1781531213292}
{"sessionId":"74d17f","hypothesisId":"H1","location":"DebugInspectorCollectionMenuHook.resolveSelectedElement","message":"sources","data":{"detail":"tree=WatchExpression viewer=null"},"timestamp":1781531213300}
{"sessionId":"74d17f","hypothesisId":"H3","location":"DebugInspectorCollectionMenuHook.menuShown","message":"resolve","data":{"detail":"WatchExpression value=BslEnumValue evaluated=true pending=false indexed=true canOpen=true"},"timestamp":1781531213303}
{"sessionId":"74d17f","hypothesisId":"H5","location":"DebugInspectorCollectionMenuHook.onMenuDetect","message":"menuDetect row","data":{"detail":"item=null x=675 y=603"},"timestamp":1781532200491}
{"sessionId":"74d17f","hypothesisId":"H1","location":"DebugInspectorCollectionMenuHook.resolveSelectedElement","message":"sources","data":{"detail":"tree=BslVariable viewer=null"},"timestamp":1781532200498}
{"sessionId":"74d17f","hypothesisId":"H3","location":"DebugInspectorCollectionMenuHook.menuShown","message":"resolve","data":{"detail":"BslVariable value=BslArrayValue evaluated=true pending=false indexed=true canOpen=true"},"timestamp":1781532200500}
{"sessionId":"74d17f","hypothesisId":"H5","location":"DebugInspectorCollectionMenuHook.onMenuDetect","message":"menuDetect row","data":{"detail":"item=null x=613 y=905"},"timestamp":1781532209458}
{"sessionId":"74d17f","hypothesisId":"H1","location":"DebugInspectorCollectionMenuHook.resolveSelectedElement","message":"sources","data":{"detail":"tree=WatchExpression viewer=null"},"timestamp":1781532209463}
{"sessionId":"74d17f","hypothesisId":"H3","location":"DebugInspectorCollectionMenuHook.menuShown","message":"resolve","data":{"detail":"WatchExpression value=BslEnumValue evaluated=true pending=false indexed=true canOpen=true"},"timestamp":1781532209464}
{"sessionId":"74d17f","hypothesisId":"H5","location":"DebugInspectorCollectionMenuHook.onMenuDetect","message":"menuDetect row","data":{"detail":"item=null x=601 y=869"},"timestamp":1781532628264}
{"sessionId":"74d17f","hypothesisId":"H1","location":"DebugInspectorCollectionMenuHook.resolveSelectedElement","message":"sources","data":{"detail":"tree=WatchExpression viewer=null"},"timestamp":1781532628271}
{"sessionId":"74d17f","hypothesisId":"H3","location":"DebugInspectorCollectionMenuHook.menuShown","message":"resolve","data":{"detail":"WatchExpression value=BslEnumValue evaluated=true pending=false indexed=true canOpen=true"},"timestamp":1781532628274}
{"sessionId":"74d17f","hypothesisId":"H5","location":"DebugInspectorCollectionMenuHook.onMenuDetect","message":"menuDetect row","data":{"detail":"item=null x=564 y=893"},"timestamp":1781532739325}
{"sessionId":"74d17f","hypothesisId":"H1","location":"DebugInspectorCollectionMenuHook.resolveSelectedElement","message":"sources","data":{"detail":"tree=WatchExpression viewer=null"},"timestamp":1781532739333}
{"sessionId":"74d17f","hypothesisId":"H3","location":"DebugInspectorCollectionMenuHook.menuShown","message":"resolve","data":{"detail":"WatchExpression value=BslEnumValue evaluated=true pending=false indexed=true canOpen=true"},"timestamp":1781532739336}
{"sessionId":"74d17f","hypothesisId":"H5","location":"DebugInspectorCollectionMenuHook.onMenuDetect","message":"menuDetect row","data":{"detail":"item=null x=1380 y=899"},"timestamp":1781533414950}
{"sessionId":"74d17f","hypothesisId":"H1","location":"DebugInspectorCollectionMenuHook.resolveSelectedElement","message":"sources","data":{"detail":"tree=BslVariable viewer=BslVariable"},"timestamp":1781533414957}
{"sessionId":"74d17f","hypothesisId":"H3","location":"DebugInspectorCollectionMenuHook.menuShown","message":"resolve","data":{"detail":"BslVariable value=BslArrayValue evaluated=true pending=false indexed=true canOpen=true"},"timestamp":1781533414959}
{"sessionId":"74d17f","hypothesisId":"H5","location":"DebugInspectorCollectionMenuHook.onMenuDetect","message":"menuDetect row","data":{"detail":"item=null x=1337 y=900"},"timestamp":1781533424098}
{"sessionId":"74d17f","hypothesisId":"H1","location":"DebugInspectorCollectionMenuHook.resolveSelectedElement","message":"sources","data":{"detail":"tree=BslVariable viewer=BslVariable"},"timestamp":1781533424105}
{"sessionId":"74d17f","hypothesisId":"H3","location":"DebugInspectorCollectionMenuHook.menuShown","message":"resolve","data":{"detail":"BslVariable value=BslArrayValue evaluated=true pending=false indexed=true canOpen=true"},"timestamp":1781533424105}
{"sessionId":"74d17f","hypothesisId":"H5","location":"DebugInspectorCollectionMenuHook.onMenuDetect","message":"menuDetect row","data":{"detail":"item=null x=1373 y=901"},"timestamp":1781533429980}
{"sessionId":"74d17f","hypothesisId":"H1","location":"DebugInspectorCollectionMenuHook.resolveSelectedElement","message":"sources","data":{"detail":"tree=BslVariable viewer=BslVariable"},"timestamp":1781533429987}
{"sessionId":"74d17f","hypothesisId":"H3","location":"DebugInspectorCollectionMenuHook.menuShown","message":"resolve","data":{"detail":"BslVariable value=BslArrayValue evaluated=true pending=false indexed=true canOpen=true"},"timestamp":1781533429987}
{"sessionId":"74d17f","hypothesisId":"H5","location":"DebugInspectorCollectionMenuHook.onMenuDetect","message":"menuDetect row","data":{"detail":"item=null x=1363 y=897"},"timestamp":1781533433364}
{"sessionId":"74d17f","hypothesisId":"H1","location":"DebugInspectorCollectionMenuHook.resolveSelectedElement","message":"sources","data":{"detail":"tree=BslVariable viewer=BslVariable"},"timestamp":1781533433368}
{"sessionId":"74d17f","hypothesisId":"H3","location":"DebugInspectorCollectionMenuHook.menuShown","message":"resolve","data":{"detail":"BslVariable value=BslArrayValue evaluated=true pending=false indexed=true canOpen=true"},"timestamp":1781533433369}
